Fri, 02 Nov 2018 23:20:00 logger_wrapper.py[line:124] INFO [INFO] feature_dim =
Fri, 02 Nov 2018 23:20:00 logger_wrapper.py[line:124] INFO [INFO] target_dims = prosody:6
Fri, 02 Nov 2018 23:20:00 logger_wrapper.py[line:124] INFO [INFO] CUDA_VISIBLE_DEVICES: 2
Fri, 02 Nov 2018 23:20:00 logger_wrapper.py[line:124] INFO save_dir = /Users/niezhipeng/MyProgram/Python Scripts/baidu/personal-code-nzp/tf_training/output/prosody_multi_speaker_FBBFF_fc_relu_bn_lstm_256_train_mix11_lr_0.0001_dp_0.1_0.65_label_smooth
Fri, 02 Nov 2018 23:20:02 logger_wrapper.py[line:124] INFO a new model will be built
Fri, 02 Nov 2018 23:20:05 logger_wrapper.py[line:124] INFO train dataset: size = 1683(sentences), batch_size = 128, batch_num = 14
Fri, 02 Nov 2018 23:20:05 logger_wrapper.py[line:124] INFO dev dataset: name = train, size = 1683(sentences), batch_size = 512, batch_num = 4
Fri, 02 Nov 2018 23:20:05 logger_wrapper.py[line:124] INFO |==================== train info: epoch: 0 ======================
Fri, 02 Nov 2018 23:20:06 logger_wrapper.py[line:124] INFO |---------------------------------------------------------------
Fri, 02 Nov 2018 23:20:08 logger_wrapper.py[line:124] INFO | dev_loss: name = train, loss = 7.45098
Fri, 02 Nov 2018 23:20:08 logger_wrapper.py[line:124] INFO |	 "#1": p = 0.47924, r = 0.07443, f1 = 0.12885, f0_5 = 0.22954
Fri, 02 Nov 2018 23:20:08 logger_wrapper.py[line:124] INFO |	 "#2": p = 0.16188, r = 0.33525, f1 = 0.21833, f0_5 = 0.18055
Fri, 02 Nov 2018 23:20:08 logger_wrapper.py[line:124] INFO |	 "#3": p = 0.04340, r = 0.19127, f1 = 0.07074, f0_5 = 0.05133
Fri, 02 Nov 2018 23:20:08 logger_wrapper.py[line:124] INFO |==================== train info: epoch: 1 ======================
Fri, 02 Nov 2018 23:20:11 logger_wrapper.py[line:124] INFO | train speed: 2.715 sec/epoch
Fri, 02 Nov 2018 23:20:11 logger_wrapper.py[line:124] INFO | train loss: 4.14540
Fri, 02 Nov 2018 23:20:11 logger_wrapper.py[line:124] INFO |---------------------------------------------------------------
Fri, 02 Nov 2018 23:20:13 logger_wrapper.py[line:124] INFO | dev_loss: name = train, loss = 5.69558
Fri, 02 Nov 2018 23:20:13 logger_wrapper.py[line:124] INFO |	 "#1": p = 0.49530, r = 0.49973, f1 = 0.49750, f0_5 = 0.49618
Fri, 02 Nov 2018 23:20:13 logger_wrapper.py[line:124] INFO |	 "#2": p = 0.16253, r = 0.48994, f1 = 0.24409, f0_5 = 0.18761
Fri, 02 Nov 2018 23:20:13 logger_wrapper.py[line:124] INFO |	 "#3": p = 0.00000, r = 0.00000, f1 = 0.00000, f0_5 = 0.00000
Fri, 02 Nov 2018 23:20:13 logger_wrapper.py[line:124] INFO |==================== train info: epoch: 2 ======================
Fri, 02 Nov 2018 23:20:16 logger_wrapper.py[line:124] INFO | train speed: 2.368 sec/epoch
Fri, 02 Nov 2018 23:20:16 logger_wrapper.py[line:124] INFO | train loss: 2.54196
Fri, 02 Nov 2018 23:20:16 logger_wrapper.py[line:124] INFO |---------------------------------------------------------------
Fri, 02 Nov 2018 23:20:18 logger_wrapper.py[line:124] INFO | dev_loss: name = train, loss = 4.44972
Fri, 02 Nov 2018 23:20:18 logger_wrapper.py[line:124] INFO |	 "#1": p = 0.66253, r = 0.11672, f1 = 0.19848, f0_5 = 0.34235
Fri, 02 Nov 2018 23:20:18 logger_wrapper.py[line:124] INFO |	 "#2": p = 0.18747, r = 0.95452, f1 = 0.31340, f0_5 = 0.22337
Fri, 02 Nov 2018 23:20:18 logger_wrapper.py[line:124] INFO |	 "#3": p = 0.00000, r = 0.00000, f1 = 0.00000, f0_5 = 0.00000
Fri, 02 Nov 2018 23:20:18 logger_wrapper.py[line:124] INFO |==================== train info: epoch: 3 ======================
Fri, 02 Nov 2018 23:20:21 logger_wrapper.py[line:124] INFO | train speed: 2.337 sec/epoch
Fri, 02 Nov 2018 23:20:21 logger_wrapper.py[line:124] INFO | train loss: 2.06565
Fri, 02 Nov 2018 23:20:21 logger_wrapper.py[line:124] INFO |---------------------------------------------------------------
Fri, 02 Nov 2018 23:20:23 logger_wrapper.py[line:124] INFO | dev_loss: name = train, loss = 3.37656
Fri, 02 Nov 2018 23:20:23 logger_wrapper.py[line:124] INFO |	 "#1": p = 0.58497, r = 0.23333, f1 = 0.33359, f0_5 = 0.44949
Fri, 02 Nov 2018 23:20:23 logger_wrapper.py[line:124] INFO |	 "#2": p = 0.19876, r = 0.81668, f1 = 0.31972, f0_5 = 0.23421
Fri, 02 Nov 2018 23:20:23 logger_wrapper.py[line:124] INFO |	 "#3": p = 0.00000, r = 0.00000, f1 = 0.00000, f0_5 = 0.00000
Fri, 02 Nov 2018 23:20:23 logger_wrapper.py[line:124] INFO |==================== train info: epoch: 4 ======================
Fri, 02 Nov 2018 23:20:26 logger_wrapper.py[line:124] INFO | train speed: 2.372 sec/epoch
Fri, 02 Nov 2018 23:20:26 logger_wrapper.py[line:124] INFO | train loss: 1.78661
Fri, 02 Nov 2018 23:20:26 logger_wrapper.py[line:124] INFO |---------------------------------------------------------------
Fri, 02 Nov 2018 23:20:28 logger_wrapper.py[line:124] INFO | dev_loss: name = train, loss = 2.66953
Fri, 02 Nov 2018 23:20:28 logger_wrapper.py[line:124] INFO |	 "#1": p = 0.53568, r = 0.32243, f1 = 0.40256, f0_5 = 0.47310
Fri, 02 Nov 2018 23:20:28 logger_wrapper.py[line:124] INFO |	 "#2": p = 0.21413, r = 0.55003, f1 = 0.30825, f0_5 = 0.24392
Fri, 02 Nov 2018 23:20:28 logger_wrapper.py[line:124] INFO |	 "#3": p = 0.40000, r = 0.01656, f1 = 0.03181, f0_5 = 0.07105
Fri, 02 Nov 2018 23:20:28 logger_wrapper.py[line:124] INFO |==================== train info: epoch: 5 ======================
Fri, 02 Nov 2018 23:20:30 logger_wrapper.py[line:124] INFO | train speed: 2.312 sec/epoch
Fri, 02 Nov 2018 23:20:30 logger_wrapper.py[line:124] INFO | train loss: 1.61145
Fri, 02 Nov 2018 23:20:30 logger_wrapper.py[line:124] INFO |---------------------------------------------------------------
Fri, 02 Nov 2018 23:20:33 logger_wrapper.py[line:124] INFO | dev_loss: name = train, loss = 2.24485
Fri, 02 Nov 2018 23:20:33 logger_wrapper.py[line:124] INFO |	 "#1": p = 0.53509, r = 0.41910, f1 = 0.47005, f0_5 = 0.50702
Fri, 02 Nov 2018 23:20:33 logger_wrapper.py[line:124] INFO |	 "#2": p = 0.23728, r = 0.25091, f1 = 0.24390, f0_5 = 0.23988
Fri, 02 Nov 2018 23:20:33 logger_wrapper.py[line:124] INFO |	 "#3": p = 0.45000, r = 0.01852, f1 = 0.03557, f0_5 = 0.07950
Fri, 02 Nov 2018 23:20:33 logger_wrapper.py[line:124] INFO |==================== train info: epoch: 6 ======================
Fri, 02 Nov 2018 23:20:35 logger_wrapper.py[line:124] INFO | train speed: 2.383 sec/epoch
Fri, 02 Nov 2018 23:20:35 logger_wrapper.py[line:124] INFO | train loss: 1.46695
Fri, 02 Nov 2018 23:20:35 logger_wrapper.py[line:124] INFO |---------------------------------------------------------------
Fri, 02 Nov 2018 23:20:38 logger_wrapper.py[line:124] INFO | dev_loss: name = train, loss = 1.93336
Fri, 02 Nov 2018 23:20:38 logger_wrapper.py[line:124] INFO |	 "#1": p = 0.56011, r = 0.46588, f1 = 0.50867, f0_5 = 0.53833
Fri, 02 Nov 2018 23:20:38 logger_wrapper.py[line:124] INFO |	 "#2": p = 0.27826, r = 0.16555, f1 = 0.20759, f0_5 = 0.24491
Fri, 02 Nov 2018 23:20:38 logger_wrapper.py[line:124] INFO |	 "#3": p = 0.64286, r = 0.03681, f1 = 0.06963, f0_5 = 0.14975
Fri, 02 Nov 2018 23:20:38 logger_wrapper.py[line:124] INFO |==================== train info: epoch: 7 ======================
Fri, 02 Nov 2018 23:20:40 logger_wrapper.py[line:124] INFO | train speed: 2.371 sec/epoch
Fri, 02 Nov 2018 23:20:40 logger_wrapper.py[line:124] INFO | train loss: 1.34921
Fri, 02 Nov 2018 23:20:40 logger_wrapper.py[line:124] INFO |---------------------------------------------------------------
Fri, 02 Nov 2018 23:20:43 logger_wrapper.py[line:124] INFO | dev_loss: name = train, loss = 1.63992
Fri, 02 Nov 2018 23:20:43 logger_wrapper.py[line:124] INFO |	 "#1": p = 0.57683, r = 0.43383, f1 = 0.49521, f0_5 = 0.54115
Fri, 02 Nov 2018 23:20:43 logger_wrapper.py[line:124] INFO |	 "#2": p = 0.34866, r = 0.04700, f1 = 0.08284, f0_5 = 0.15268
Fri, 02 Nov 2018 23:20:43 logger_wrapper.py[line:124] INFO |	 "#3": p = 0.63415, r = 0.05306, f1 = 0.09793, f0_5 = 0.19878
Fri, 02 Nov 2018 23:20:43 logger_wrapper.py[line:124] INFO |==================== train info: epoch: 8 ======================
Fri, 02 Nov 2018 23:20:45 logger_wrapper.py[line:124] INFO | train speed: 2.255 sec/epoch
Fri, 02 Nov 2018 23:20:45 logger_wrapper.py[line:124] INFO | train loss: 1.20767
Fri, 02 Nov 2018 23:20:45 logger_wrapper.py[line:124] INFO |---------------------------------------------------------------
Fri, 02 Nov 2018 23:20:47 logger_wrapper.py[line:124] INFO | dev_loss: name = train, loss = 1.35667
Fri, 02 Nov 2018 23:20:47 logger_wrapper.py[line:124] INFO |	 "#1": p = 0.62346, r = 0.30423, f1 = 0.40892, f0_5 = 0.51531
Fri, 02 Nov 2018 23:20:47 logger_wrapper.py[line:124] INFO |	 "#2": p = 0.37548, r = 0.05059, f1 = 0.08917, f0_5 = 0.16437
Fri, 02 Nov 2018 23:20:47 logger_wrapper.py[line:124] INFO |	 "#3": p = 0.61842, r = 0.09592, f1 = 0.16608, f0_5 = 0.29597
Fri, 02 Nov 2018 23:20:47 logger_wrapper.py[line:124] INFO |==================== train info: epoch: 9 ======================
Fri, 02 Nov 2018 23:20:50 logger_wrapper.py[line:124] INFO | train speed: 2.268 sec/epoch
Fri, 02 Nov 2018 23:20:50 logger_wrapper.py[line:124] INFO | train loss: 1.11130
Fri, 02 Nov 2018 23:20:50 logger_wrapper.py[line:124] INFO |---------------------------------------------------------------
Fri, 02 Nov 2018 23:20:52 logger_wrapper.py[line:124] INFO | dev_loss: name = train, loss = 1.17362
Fri, 02 Nov 2018 23:20:52 logger_wrapper.py[line:124] INFO |	 "#1": p = 0.64052, r = 0.26043, f1 = 0.37030, f0_5 = 0.49580
Fri, 02 Nov 2018 23:20:52 logger_wrapper.py[line:124] INFO |	 "#2": p = 0.46875, r = 0.04642, f1 = 0.08447, f0_5 = 0.16623
Fri, 02 Nov 2018 23:20:52 logger_wrapper.py[line:124] INFO |	 "#3": p = 0.65657, r = 0.13238, f1 = 0.22034, f0_5 = 0.36640
Fri, 02 Nov 2018 23:20:52 logger_wrapper.py[line:124] INFO |==================== train info: epoch: 10 ======================
Fri, 02 Nov 2018 23:20:54 logger_wrapper.py[line:124] INFO | train speed: 2.220 sec/epoch
Fri, 02 Nov 2018 23:20:54 logger_wrapper.py[line:124] INFO | train loss: 0.98582
Fri, 02 Nov 2018 23:20:54 logger_wrapper.py[line:124] INFO |---------------------------------------------------------------
Fri, 02 Nov 2018 23:20:57 logger_wrapper.py[line:124] INFO | dev_loss: name = train, loss = 0.97200
Fri, 02 Nov 2018 23:20:57 logger_wrapper.py[line:124] INFO |	 "#1": p = 0.64775, r = 0.27246, f1 = 0.38358, f0_5 = 0.50785
Fri, 02 Nov 2018 23:20:57 logger_wrapper.py[line:124] INFO |	 "#2": p = 0.49412, r = 0.06498, f1 = 0.11486, f0_5 = 0.21291
Fri, 02 Nov 2018 23:20:57 logger_wrapper.py[line:124] INFO |	 "#3": p = 0.60169, r = 0.14460, f1 = 0.23317, f0_5 = 0.36864
