Tue, 30 Oct 2018 15:48:58 logger_wrapper.py[line:124] INFO [INFO] feature_dim =
Tue, 30 Oct 2018 15:48:58 logger_wrapper.py[line:124] INFO [INFO] target_dims = prosody:6
Tue, 30 Oct 2018 15:48:59 logger_wrapper.py[line:124] INFO [INFO] CUDA_VISIBLE_DEVICES: 2
Tue, 30 Oct 2018 15:48:59 logger_wrapper.py[line:124] INFO save_dir = /Users/niezhipeng/MyProgram/Python Scripts/baidu/personal-code-nzp/tf_training/output/prosody_multi_speaker_densely_cnn_prenet_256_128_11246_group_6_maxpool_highway_GRU_train_mix11_lr_0.0001_all_dp_0.2_1.0
Tue, 30 Oct 2018 15:49:01 logger_wrapper.py[line:124] INFO a new model will be built
Tue, 30 Oct 2018 15:49:04 logger_wrapper.py[line:124] INFO train dataset: size = 1683(sentences), batch_size = 128, batch_num = 14
Tue, 30 Oct 2018 15:49:07 logger_wrapper.py[line:124] INFO dev dataset: name = f11, size = 1683(sentences), batch_size = 512, batch_num = 4
Tue, 30 Oct 2018 15:49:07 logger_wrapper.py[line:124] INFO |==================== train info: epoch: 0 ======================
Tue, 30 Oct 2018 15:49:07 logger_wrapper.py[line:124] INFO |---------------------------------------------------------------
Tue, 30 Oct 2018 15:49:14 logger_wrapper.py[line:124] INFO | dev_loss: name = f11, loss = 1.64398
Tue, 30 Oct 2018 15:49:14 logger_wrapper.py[line:124] INFO |	 "#1": p = 1.00000, r = 0.00018, f1 = 0.00036, f0_5 = 0.00091
Tue, 30 Oct 2018 15:49:14 logger_wrapper.py[line:124] INFO |	 "#2": p = 0.00000, r = 0.00000, f1 = 0.00000, f0_5 = 0.00000
Tue, 30 Oct 2018 15:49:14 logger_wrapper.py[line:124] INFO |	 "#3": p = 0.00000, r = 0.00000, f1 = 0.00000, f0_5 = 0.00000
Tue, 30 Oct 2018 15:49:14 logger_wrapper.py[line:124] INFO |==================== train info: epoch: 1 ======================
Tue, 30 Oct 2018 15:49:23 logger_wrapper.py[line:124] INFO | train speed: 9.596 sec/epoch
Tue, 30 Oct 2018 15:49:23 logger_wrapper.py[line:124] INFO | train loss: 1.53337
Tue, 30 Oct 2018 15:49:23 logger_wrapper.py[line:124] INFO |---------------------------------------------------------------
Tue, 30 Oct 2018 15:49:30 logger_wrapper.py[line:124] INFO | dev_loss: name = f11, loss = 1.48350
Tue, 30 Oct 2018 15:49:30 logger_wrapper.py[line:124] INFO |	 "#1": p = 0.00000, r = 0.00000, f1 = 0.00000, f0_5 = 0.00000
Tue, 30 Oct 2018 15:49:30 logger_wrapper.py[line:124] INFO |	 "#2": p = 0.00000, r = 0.00000, f1 = 0.00000, f0_5 = 0.00000
Tue, 30 Oct 2018 15:49:30 logger_wrapper.py[line:124] INFO |	 "#3": p = 0.00000, r = 0.00000, f1 = 0.00000, f0_5 = 0.00000
Tue, 30 Oct 2018 15:49:30 logger_wrapper.py[line:124] INFO |==================== train info: epoch: 2 ======================
Tue, 30 Oct 2018 15:49:39 logger_wrapper.py[line:124] INFO | train speed: 9.165 sec/epoch
Tue, 30 Oct 2018 15:49:39 logger_wrapper.py[line:124] INFO | train loss: 1.41468
Tue, 30 Oct 2018 15:49:39 logger_wrapper.py[line:124] INFO |---------------------------------------------------------------
Tue, 30 Oct 2018 15:49:46 logger_wrapper.py[line:124] INFO | dev_loss: name = f11, loss = 1.42512
Tue, 30 Oct 2018 15:49:46 logger_wrapper.py[line:124] INFO |	 "#1": p = 0.00000, r = 0.00000, f1 = 0.00000, f0_5 = 0.00000
Tue, 30 Oct 2018 15:49:46 logger_wrapper.py[line:124] INFO |	 "#2": p = 0.00000, r = 0.00000, f1 = 0.00000, f0_5 = 0.00000
Tue, 30 Oct 2018 15:49:46 logger_wrapper.py[line:124] INFO |	 "#3": p = 0.00000, r = 0.00000, f1 = 0.00000, f0_5 = 0.00000
Tue, 30 Oct 2018 15:49:46 logger_wrapper.py[line:124] INFO |==================== train info: epoch: 3 ======================
Tue, 30 Oct 2018 15:49:55 logger_wrapper.py[line:124] INFO | train speed: 8.880 sec/epoch
Tue, 30 Oct 2018 15:49:55 logger_wrapper.py[line:124] INFO | train loss: 1.31870
Tue, 30 Oct 2018 15:49:55 logger_wrapper.py[line:124] INFO |---------------------------------------------------------------
Tue, 30 Oct 2018 15:50:02 logger_wrapper.py[line:124] INFO | dev_loss: name = f11, loss = 1.34591
Tue, 30 Oct 2018 15:50:02 logger_wrapper.py[line:124] INFO |	 "#1": p = 0.00000, r = 0.00000, f1 = 0.00000, f0_5 = 0.00000
Tue, 30 Oct 2018 15:50:02 logger_wrapper.py[line:124] INFO |	 "#2": p = 0.00000, r = 0.00000, f1 = 0.00000, f0_5 = 0.00000
Tue, 30 Oct 2018 15:50:02 logger_wrapper.py[line:124] INFO |	 "#3": p = 0.00000, r = 0.00000, f1 = 0.00000, f0_5 = 0.00000
Tue, 30 Oct 2018 15:50:02 logger_wrapper.py[line:124] INFO |==================== train info: epoch: 4 ======================
Tue, 30 Oct 2018 15:50:11 logger_wrapper.py[line:124] INFO | train speed: 9.374 sec/epoch
Tue, 30 Oct 2018 15:50:11 logger_wrapper.py[line:124] INFO | train loss: 1.20701
Tue, 30 Oct 2018 15:50:12 logger_wrapper.py[line:124] INFO |---------------------------------------------------------------
Tue, 30 Oct 2018 15:50:19 logger_wrapper.py[line:124] INFO | dev_loss: name = f11, loss = 1.23557
Tue, 30 Oct 2018 15:50:19 logger_wrapper.py[line:124] INFO |	 "#1": p = 0.75000, r = 0.00109, f1 = 0.00218, f0_5 = 0.00544
Tue, 30 Oct 2018 15:50:19 logger_wrapper.py[line:124] INFO |	 "#2": p = 0.00000, r = 0.00000, f1 = 0.00000, f0_5 = 0.00000
Tue, 30 Oct 2018 15:50:19 logger_wrapper.py[line:124] INFO |	 "#3": p = 0.00000, r = 0.00000, f1 = 0.00000, f0_5 = 0.00000
Tue, 30 Oct 2018 15:50:19 logger_wrapper.py[line:124] INFO |==================== train info: epoch: 5 ======================
Tue, 30 Oct 2018 15:50:28 logger_wrapper.py[line:124] INFO | train speed: 8.999 sec/epoch
Tue, 30 Oct 2018 15:50:28 logger_wrapper.py[line:124] INFO | train loss: 1.08464
Tue, 30 Oct 2018 15:50:28 logger_wrapper.py[line:124] INFO |---------------------------------------------------------------
Tue, 30 Oct 2018 15:50:35 logger_wrapper.py[line:124] INFO | dev_loss: name = f11, loss = 1.09162
Tue, 30 Oct 2018 15:50:35 logger_wrapper.py[line:124] INFO |	 "#1": p = 0.75000, r = 0.00984, f1 = 0.01943, f0_5 = 0.04675
Tue, 30 Oct 2018 15:50:35 logger_wrapper.py[line:124] INFO |	 "#2": p = 0.00000, r = 0.00000, f1 = 0.00000, f0_5 = 0.00000
Tue, 30 Oct 2018 15:50:35 logger_wrapper.py[line:124] INFO |	 "#3": p = 0.00000, r = 0.00000, f1 = 0.00000, f0_5 = 0.00000
Tue, 30 Oct 2018 15:50:35 logger_wrapper.py[line:124] INFO |==================== train info: epoch: 6 ======================
Tue, 30 Oct 2018 15:50:44 logger_wrapper.py[line:124] INFO | train speed: 8.563 sec/epoch
Tue, 30 Oct 2018 15:50:44 logger_wrapper.py[line:124] INFO | train loss: 0.96839
Tue, 30 Oct 2018 15:50:44 logger_wrapper.py[line:124] INFO |---------------------------------------------------------------
Tue, 30 Oct 2018 15:50:50 logger_wrapper.py[line:124] INFO | dev_loss: name = f11, loss = 0.96037
Tue, 30 Oct 2018 15:50:50 logger_wrapper.py[line:124] INFO |	 "#1": p = 0.79574, r = 0.08165, f1 = 0.14810, f0_5 = 0.28944
Tue, 30 Oct 2018 15:50:50 logger_wrapper.py[line:124] INFO |	 "#2": p = 0.00000, r = 0.00000, f1 = 0.00000, f0_5 = 0.00000
Tue, 30 Oct 2018 15:50:50 logger_wrapper.py[line:124] INFO |	 "#3": p = 0.00000, r = 0.00000, f1 = 0.00000, f0_5 = 0.00000
Tue, 30 Oct 2018 15:50:50 logger_wrapper.py[line:124] INFO |==================== train info: epoch: 7 ======================
Tue, 30 Oct 2018 15:50:59 logger_wrapper.py[line:124] INFO | train speed: 8.579 sec/epoch
Tue, 30 Oct 2018 15:50:59 logger_wrapper.py[line:124] INFO | train loss: 0.86150
Tue, 30 Oct 2018 15:50:59 logger_wrapper.py[line:124] INFO |---------------------------------------------------------------
Tue, 30 Oct 2018 15:51:06 logger_wrapper.py[line:124] INFO | dev_loss: name = f11, loss = 0.83048
Tue, 30 Oct 2018 15:51:06 logger_wrapper.py[line:124] INFO |	 "#1": p = 0.78086, r = 0.21560, f1 = 0.33790, f0_5 = 0.51225
Tue, 30 Oct 2018 15:51:06 logger_wrapper.py[line:124] INFO |	 "#2": p = 0.00000, r = 0.00000, f1 = 0.00000, f0_5 = 0.00000
Tue, 30 Oct 2018 15:51:06 logger_wrapper.py[line:124] INFO |	 "#3": p = 0.00000, r = 0.00000, f1 = 0.00000, f0_5 = 0.00000
Tue, 30 Oct 2018 15:51:06 logger_wrapper.py[line:124] INFO |==================== train info: epoch: 8 ======================
Tue, 30 Oct 2018 15:51:15 logger_wrapper.py[line:124] INFO | train speed: 9.009 sec/epoch
Tue, 30 Oct 2018 15:51:15 logger_wrapper.py[line:124] INFO | train loss: 0.76598
Tue, 30 Oct 2018 15:51:15 logger_wrapper.py[line:124] INFO |---------------------------------------------------------------
Tue, 30 Oct 2018 15:51:22 logger_wrapper.py[line:124] INFO | dev_loss: name = f11, loss = 0.72454
Tue, 30 Oct 2018 15:51:22 logger_wrapper.py[line:124] INFO |	 "#1": p = 0.78027, r = 0.27246, f1 = 0.40389, f0_5 = 0.56840
Tue, 30 Oct 2018 15:51:22 logger_wrapper.py[line:124] INFO |	 "#2": p = 0.00000, r = 0.00000, f1 = 0.00000, f0_5 = 0.00000
Tue, 30 Oct 2018 15:51:22 logger_wrapper.py[line:124] INFO |	 "#3": p = 0.40000, r = 0.00407, f1 = 0.00806, f0_5 = 0.01957
Tue, 30 Oct 2018 15:51:22 logger_wrapper.py[line:124] INFO |==================== train info: epoch: 9 ======================
Tue, 30 Oct 2018 15:51:32 logger_wrapper.py[line:124] INFO | train speed: 10.133 sec/epoch
Tue, 30 Oct 2018 15:51:32 logger_wrapper.py[line:124] INFO | train loss: 0.68209
Tue, 30 Oct 2018 15:51:32 logger_wrapper.py[line:124] INFO |---------------------------------------------------------------
Tue, 30 Oct 2018 15:51:40 logger_wrapper.py[line:124] INFO | dev_loss: name = f11, loss = 0.63479
Tue, 30 Oct 2018 15:51:40 logger_wrapper.py[line:124] INFO |	 "#1": p = 0.77107, r = 0.35174, f1 = 0.48310, f0_5 = 0.62262
Tue, 30 Oct 2018 15:51:40 logger_wrapper.py[line:124] INFO |	 "#2": p = 0.00000, r = 0.00000, f1 = 0.00000, f0_5 = 0.00000
Tue, 30 Oct 2018 15:51:40 logger_wrapper.py[line:124] INFO |	 "#3": p = 0.76923, r = 0.02037, f1 = 0.03968, f0_5 = 0.09208
Tue, 30 Oct 2018 15:51:40 logger_wrapper.py[line:124] INFO |==================== train info: epoch: 10 ======================
Tue, 30 Oct 2018 15:51:50 logger_wrapper.py[line:124] INFO | train speed: 9.381 sec/epoch
Tue, 30 Oct 2018 15:51:50 logger_wrapper.py[line:124] INFO | train loss: 0.61501
Tue, 30 Oct 2018 15:51:50 logger_wrapper.py[line:124] INFO |---------------------------------------------------------------
Tue, 30 Oct 2018 15:51:57 logger_wrapper.py[line:124] INFO | dev_loss: name = f11, loss = 0.56486
Tue, 30 Oct 2018 15:51:57 logger_wrapper.py[line:124] INFO |	 "#1": p = 0.75788, r = 0.45125, f1 = 0.56568, f0_5 = 0.66720
Tue, 30 Oct 2018 15:51:57 logger_wrapper.py[line:124] INFO |	 "#2": p = 0.00000, r = 0.00000, f1 = 0.00000, f0_5 = 0.00000
Tue, 30 Oct 2018 15:51:57 logger_wrapper.py[line:124] INFO |	 "#3": p = 0.86207, r = 0.05092, f1 = 0.09615, f0_5 = 0.20593
